<?xml version="1.0" encoding="UTF-8"?>
<!-- Generated by org.testng.reporters.JUnitReportReporter -->
<testsuite skipped="0" hostname="DESKTOP-3S3P68U" name="com.qa.api.GoRest.Tests.GetUsers" tests="1" failures="0" timestamp="04 Jan 2021 01:37:59 GMT" time="7.317" errors="0">
  <testcase name="GoRest_GetUsers_BDD_MapUsage" time="7.317" classname="com.qa.api.GoRest.Tests.GetUsers"/>
</testsuite> <!-- com.qa.api.GoRest.Tests.GetUsers -->
