<?xml version="1.0" encoding="UTF-8"?>
<!-- Generated by org.testng.reporters.JUnitReportReporter -->
<testsuite skipped="0" hostname="DESKTOP-3S3P68U" name="com.qa.api.GoRest.Tests.PostUserTests" tests="1" failures="0" timestamp="03 Jan 2021 06:40:56 GMT" time="4.804" errors="0">
  <testcase name="GoRest_GetUsers_Non_BDD" time="4.804" classname="com.qa.api.GoRest.Tests.PostUserTests"/>
</testsuite> <!-- com.qa.api.GoRest.Tests.PostUserTests -->
