<?xml version="1.0" encoding="UTF-8"?>
<!-- Generated by org.testng.reporters.JUnitReportReporter -->
<testsuite skipped="0" hostname="DESKTOP-3S3P68U" name="com.qa.api.GoRest.Tests.JsonSchemaValidation" tests="1" failures="0" timestamp="04 Jan 2021 02:26:42 GMT" time="4.858" errors="0">
  <testcase name="GoRest_GetUsers_BDD" time="4.858" classname="com.qa.api.GoRest.Tests.JsonSchemaValidation"/>
</testsuite> <!-- com.qa.api.GoRest.Tests.JsonSchemaValidation -->
